f:\other\test\c\visual_studio\study_project\remotectrl\remotectrl\release\remotectrl.pch
f:\other\test\c\visual_studio\study_project\remotectrl\remotectrl\release\vc143.pdb
f:\other\test\c\visual_studio\study_project\remotectrl\remotectrl\release\pch.obj
f:\other\test\c\visual_studio\study_project\remotectrl\remotectrl\release\serversocket.obj
f:\other\test\c\visual_studio\study_project\remotectrl\remotectrl\release\remotectrl.obj
f:\other\test\c\visual_studio\study_project\remotectrl\remotectrl\release\lockdialog.obj
f:\other\test\c\visual_studio\study_project\remotectrl\release\remotectrl.exe
f:\other\test\c\visual_studio\study_project\remotectrl\remotectrl\release\remotectrl.ipdb
f:\other\test\c\visual_studio\study_project\remotectrl\remotectrl\release\remotectrl.iobj
f:\other\test\c\visual_studio\study_project\remotectrl\release\remotectrl.pdb
f:\other\test\c\visual_studio\study_project\remotectrl\remotectrl\release\remotectrl.res
f:\other\test\c\visual_studio\study_project\remotectrl\remotectrl\release\remotectrl.tlog\cl.command.1.tlog
f:\other\test\c\visual_studio\study_project\remotectrl\remotectrl\release\remotectrl.tlog\cl.read.1.tlog
f:\other\test\c\visual_studio\study_project\remotectrl\remotectrl\release\remotectrl.tlog\cl.write.1.tlog
f:\other\test\c\visual_studio\study_project\remotectrl\remotectrl\release\remotectrl.tlog\link.command.1.tlog
f:\other\test\c\visual_studio\study_project\remotectrl\remotectrl\release\remotectrl.tlog\link.read.1.tlog
f:\other\test\c\visual_studio\study_project\remotectrl\remotectrl\release\remotectrl.tlog\link.write.1.tlog
f:\other\test\c\visual_studio\study_project\remotectrl\remotectrl\release\remotectrl.tlog\rc.command.1.tlog
f:\other\test\c\visual_studio\study_project\remotectrl\remotectrl\release\remotectrl.tlog\rc.read.1.tlog
f:\other\test\c\visual_studio\study_project\remotectrl\remotectrl\release\remotectrl.tlog\rc.write.1.tlog
