f:\other\test\c\visual_studio\study_project\remotectrl\remoteclient\release\remoteclient.pch
f:\other\test\c\visual_studio\study_project\remotectrl\remoteclient\release\vc143.pdb
f:\other\test\c\visual_studio\study_project\remotectrl\remoteclient\release\pch.obj
f:\other\test\c\visual_studio\study_project\remotectrl\remoteclient\release\watchdialog.obj
f:\other\test\c\visual_studio\study_project\remotectrl\remoteclient\release\statusdlg.obj
f:\other\test\c\visual_studio\study_project\remotectrl\remoteclient\release\remoteclientdlg.obj
f:\other\test\c\visual_studio\study_project\remotectrl\remoteclient\release\remoteclient.obj
f:\other\test\c\visual_studio\study_project\remotectrl\remoteclient\release\clientsocket.obj
f:\other\test\c\visual_studio\study_project\remotectrl\release\remoteclient.exe
f:\other\test\c\visual_studio\study_project\remotectrl\remoteclient\release\remoteclient.ipdb
f:\other\test\c\visual_studio\study_project\remotectrl\remoteclient\release\remoteclient.iobj
f:\other\test\c\visual_studio\study_project\remotectrl\release\remoteclient.pdb
f:\other\test\c\visual_studio\study_project\remotectrl\remoteclient\release\remoteclient.res
f:\other\test\c\visual_studio\study_project\remotectrl\remoteclient\release\remoteclient.tlog\cl.command.1.tlog
f:\other\test\c\visual_studio\study_project\remotectrl\remoteclient\release\remoteclient.tlog\cl.read.1.tlog
f:\other\test\c\visual_studio\study_project\remotectrl\remoteclient\release\remoteclient.tlog\cl.write.1.tlog
f:\other\test\c\visual_studio\study_project\remotectrl\remoteclient\release\remoteclient.tlog\link.command.1.tlog
f:\other\test\c\visual_studio\study_project\remotectrl\remoteclient\release\remoteclient.tlog\link.read.1.tlog
f:\other\test\c\visual_studio\study_project\remotectrl\remoteclient\release\remoteclient.tlog\link.write.1.tlog
f:\other\test\c\visual_studio\study_project\remotectrl\remoteclient\release\remoteclient.tlog\rc.command.1.tlog
f:\other\test\c\visual_studio\study_project\remotectrl\remoteclient\release\remoteclient.tlog\rc.read.1.tlog
f:\other\test\c\visual_studio\study_project\remotectrl\remoteclient\release\remoteclient.tlog\rc.write.1.tlog
